Arguments: 
  D:\Program Files\nodejs\node.exe C:\Program Files (x86)\Yarn\bin\yarn.js add babel-cli --dev // npm install --save-dev babel-cli

PATH: 
  C:\Ruby24-x64\bin;C:\Program Files\Java\jdk1.8.0_131\bin;C:\Program Files\Java\jdk1.8.0_131\jre\bin;C:\Windows\system32;C:\Windows;C:\Windows\System32\Wbem;C:\Windows\System32\WindowsPowerShell\v1.0\;D:\Program Files\nodejs\;C:\Program Files\MySQL\MySQL Utilities 1.6\;E:\apache-maven-3.5.0\bin;C:\Program Files\MySQL\MySQL Server 5.7\bin;D:\Program Files\Bin;C:\Program Files\TortoiseGit\bin;C:\Program Files\Git\cmd;C:\Program Files (x86)\Yarn\bin\;C:\Users\Administrator\AppData\Roaming\npm;E:\AppServ\Apache24\bin;E:\AppServ\php5;C:\Users\Administrator\AppData\Local\Yarn\bin

Yarn version: 
  1.5.1

Node version: 
  8.2.1

Platform: 
  win32 x64

npm manifest: 
  {
    "name": "untitled",
    "version": "0.0.0",
    "private": true,
    "scripts": {
      "start": "node ./bin/www"
    },
    "dependencies": {
      "body-parser": "~1.18.2",
      "cookie-parser": "~1.4.3",
      "debug": "~2.6.9",
      "express": "~4.15.5",
      "jade": "~1.11.0",
      "morgan": "~1.9.0",
      "serve-favicon": "~2.4.5",
      "jsonfile": "^4.0.0"
    }
  }

yarn manifest: 
  No manifest

Lockfile: 
  No lockfile

Trace: 
  Error: EPERM: operation not permitted, lstat 'E:\System Volume Information'
